{"C:\\Code\\Private\\Pipeline-testing\\ClassAssignmentAvans.ts": {"path":"C:\\Code\\Private\\Pipeline-testing\\ClassAssignmentAvans.ts","all":false,"statementMap":{"0":{"start":{"line":1,"column":0},"end":{"line":1,"column":35}},"1":{"start":{"line":2,"column":0},"end":{"line":2,"column":23}},"2":{"start":{"line":3,"column":0},"end":{"line":3,"column":36}},"3":{"start":{"line":4,"column":0},"end":{"line":4,"column":32}},"4":{"start":{"line":5,"column":0},"end":{"line":5,"column":22}},"5":{"start":{"line":6,"column":0},"end":{"line":6,"column":13}},"6":{"start":{"line":7,"column":0},"end":{"line":7,"column":167}},"7":{"start":{"line":8,"column":0},"end":{"line":8,"column":19}},"8":{"start":{"line":9,"column":0},"end":{"line":9,"column":42}},"9":{"start":{"line":10,"column":0},"end":{"line":10,"column":30}},"10":{"start":{"line":11,"column":0},"end":{"line":11,"column":19}},"11":{"start":{"line":12,"column":0},"end":{"line":12,"column":14}},"12":{"start":{"line":13,"column":0},"end":{"line":13,"column":38}},"13":{"start":{"line":14,"column":0},"end":{"line":14,"column":24}},"14":{"start":{"line":15,"column":0},"end":{"line":15,"column":25}},"15":{"start":{"line":16,"column":0},"end":{"line":16,"column":18}},"16":{"start":{"line":17,"column":0},"end":{"line":17,"column":25}},"17":{"start":{"line":18,"column":0},"end":{"line":18,"column":24}},"18":{"start":{"line":19,"column":0},"end":{"line":19,"column":18}},"19":{"start":{"line":20,"column":0},"end":{"line":20,"column":28}},"20":{"start":{"line":21,"column":0},"end":{"line":21,"column":25}},"21":{"start":{"line":22,"column":0},"end":{"line":22,"column":18}},"22":{"start":{"line":23,"column":0},"end":{"line":23,"column":30}},"23":{"start":{"line":24,"column":0},"end":{"line":24,"column":25}},"24":{"start":{"line":25,"column":0},"end":{"line":25,"column":18}},"25":{"start":{"line":26,"column":0},"end":{"line":26,"column":18}},"26":{"start":{"line":27,"column":0},"end":{"line":27,"column":23}},"27":{"start":{"line":28,"column":0},"end":{"line":28,"column":18}},"28":{"start":{"line":29,"column":0},"end":{"line":29,"column":9}},"29":{"start":{"line":30,"column":0},"end":{"line":30,"column":7}},"30":{"start":{"line":31,"column":0},"end":{"line":31,"column":12}},"31":{"start":{"line":32,"column":0},"end":{"line":32,"column":17}},"32":{"start":{"line":33,"column":0},"end":{"line":33,"column":5}},"33":{"start":{"line":34,"column":0},"end":{"line":34,"column":18}},"34":{"start":{"line":35,"column":0},"end":{"line":35,"column":3}},"35":{"start":{"line":36,"column":0},"end":{"line":36,"column":1}}},"s":{"0":1,"1":1,"2":10,"3":10,"4":10,"5":10,"6":10,"7":7,"8":10,"9":6,"10":1,"11":6,"12":5,"13":5,"14":1,"15":1,"16":5,"17":1,"18":1,"19":5,"20":1,"21":1,"22":5,"23":1,"24":1,"25":5,"26":1,"27":1,"28":5,"29":5,"30":10,"31":1,"32":1,"33":7,"34":7,"35":1},"branchMap":{"0":{"type":"branch","line":2,"loc":{"start":{"line":2,"column":9},"end":{"line":35,"column":3}},"locations":[{"start":{"line":2,"column":9},"end":{"line":35,"column":3}}]},"1":{"type":"branch","line":7,"loc":{"start":{"line":7,"column":51},"end":{"line":7,"column":94}},"locations":[{"start":{"line":7,"column":51},"end":{"line":7,"column":94}}]},"2":{"type":"branch","line":7,"loc":{"start":{"line":7,"column":94},"end":{"line":7,"column":128}},"locations":[{"start":{"line":7,"column":94},"end":{"line":7,"column":128}}]},"3":{"type":"branch","line":7,"loc":{"start":{"line":7,"column":130},"end":{"line":7,"column":167}},"locations":[{"start":{"line":7,"column":130},"end":{"line":7,"column":167}}]},"4":{"type":"branch","line":8,"loc":{"start":{"line":8,"column":-2},"end":{"line":9,"column":41}},"locations":[{"start":{"line":8,"column":-2},"end":{"line":9,"column":41}}]},"5":{"type":"branch","line":9,"loc":{"start":{"line":9,"column":41},"end":{"line":31,"column":11}},"locations":[{"start":{"line":9,"column":41},"end":{"line":31,"column":11}}]},"6":{"type":"branch","line":10,"loc":{"start":{"line":10,"column":29},"end":{"line":12,"column":13}},"locations":[{"start":{"line":10,"column":29},"end":{"line":12,"column":13}}]},"7":{"type":"branch","line":12,"loc":{"start":{"line":12,"column":7},"end":{"line":30,"column":7}},"locations":[{"start":{"line":12,"column":7},"end":{"line":30,"column":7}}]},"8":{"type":"branch","line":14,"loc":{"start":{"line":14,"column":10},"end":{"line":16,"column":18}},"locations":[{"start":{"line":14,"column":10},"end":{"line":16,"column":18}}]},"9":{"type":"branch","line":17,"loc":{"start":{"line":17,"column":10},"end":{"line":19,"column":18}},"locations":[{"start":{"line":17,"column":10},"end":{"line":19,"column":18}}]},"10":{"type":"branch","line":20,"loc":{"start":{"line":20,"column":10},"end":{"line":22,"column":18}},"locations":[{"start":{"line":20,"column":10},"end":{"line":22,"column":18}}]},"11":{"type":"branch","line":23,"loc":{"start":{"line":23,"column":10},"end":{"line":25,"column":18}},"locations":[{"start":{"line":23,"column":10},"end":{"line":25,"column":18}}]},"12":{"type":"branch","line":26,"loc":{"start":{"line":26,"column":10},"end":{"line":28,"column":18}},"locations":[{"start":{"line":26,"column":10},"end":{"line":28,"column":18}}]},"13":{"type":"branch","line":31,"loc":{"start":{"line":31,"column":5},"end":{"line":33,"column":5}},"locations":[{"start":{"line":31,"column":5},"end":{"line":33,"column":5}}]},"14":{"type":"branch","line":34,"loc":{"start":{"line":34,"column":-2},"end":{"line":35,"column":3}},"locations":[{"start":{"line":34,"column":-2},"end":{"line":35,"column":3}}]}},"b":{"0":[10],"1":[9],"2":[8],"3":[3],"4":[7],"5":[6],"6":[1],"7":[5],"8":[1],"9":[1],"10":[1],"11":[1],"12":[1],"13":[1],"14":[7]},"fnMap":{"0":{"name":"ShippingCosts","decl":{"start":{"line":2,"column":9},"end":{"line":35,"column":3}},"loc":{"start":{"line":2,"column":9},"end":{"line":35,"column":3}},"line":2}},"f":{"0":10}}
}
