{"C:\\Users\\PauldenBoer\\Documents\\private\\Code\\Pipeline-testing\\ClassAssignmentAvans.ts": {"path":"C:\\Users\\PauldenBoer\\Documents\\private\\Code\\Pipeline-testing\\ClassAssignmentAvans.ts","all":false,"statementMap":{"0":{"start":{"line":1,"column":0},"end":{"line":1,"column":35}},"1":{"start":{"line":2,"column":0},"end":{"line":2,"column":23}},"2":{"start":{"line":3,"column":0},"end":{"line":3,"column":36}},"3":{"start":{"line":4,"column":0},"end":{"line":4,"column":32}},"4":{"start":{"line":5,"column":0},"end":{"line":5,"column":22}},"5":{"start":{"line":6,"column":0},"end":{"line":6,"column":13}},"6":{"start":{"line":7,"column":0},"end":{"line":7,"column":19}},"7":{"start":{"line":8,"column":0},"end":{"line":8,"column":42}},"8":{"start":{"line":9,"column":0},"end":{"line":9,"column":30}},"9":{"start":{"line":10,"column":0},"end":{"line":10,"column":19}},"10":{"start":{"line":11,"column":0},"end":{"line":11,"column":14}},"11":{"start":{"line":12,"column":0},"end":{"line":12,"column":38}},"12":{"start":{"line":13,"column":0},"end":{"line":13,"column":24}},"13":{"start":{"line":14,"column":0},"end":{"line":14,"column":25}},"14":{"start":{"line":15,"column":0},"end":{"line":15,"column":18}},"15":{"start":{"line":16,"column":0},"end":{"line":16,"column":25}},"16":{"start":{"line":17,"column":0},"end":{"line":17,"column":24}},"17":{"start":{"line":18,"column":0},"end":{"line":18,"column":18}},"18":{"start":{"line":19,"column":0},"end":{"line":19,"column":28}},"19":{"start":{"line":20,"column":0},"end":{"line":20,"column":25}},"20":{"start":{"line":21,"column":0},"end":{"line":21,"column":18}},"21":{"start":{"line":22,"column":0},"end":{"line":22,"column":30}},"22":{"start":{"line":23,"column":0},"end":{"line":23,"column":25}},"23":{"start":{"line":24,"column":0},"end":{"line":24,"column":18}},"24":{"start":{"line":25,"column":0},"end":{"line":25,"column":18}},"25":{"start":{"line":26,"column":0},"end":{"line":26,"column":23}},"26":{"start":{"line":27,"column":0},"end":{"line":27,"column":18}},"27":{"start":{"line":28,"column":0},"end":{"line":28,"column":9}},"28":{"start":{"line":29,"column":0},"end":{"line":29,"column":7}},"29":{"start":{"line":30,"column":0},"end":{"line":30,"column":12}},"30":{"start":{"line":31,"column":0},"end":{"line":31,"column":17}},"31":{"start":{"line":32,"column":0},"end":{"line":32,"column":5}},"32":{"start":{"line":33,"column":0},"end":{"line":33,"column":18}},"33":{"start":{"line":34,"column":0},"end":{"line":34,"column":3}},"34":{"start":{"line":35,"column":0},"end":{"line":35,"column":1}}},"s":{"0":1,"1":1,"2":7,"3":7,"4":7,"5":7,"6":7,"7":7,"8":6,"9":1,"10":6,"11":5,"12":5,"13":1,"14":1,"15":5,"16":1,"17":1,"18":5,"19":1,"20":1,"21":5,"22":1,"23":1,"24":5,"25":1,"26":1,"27":5,"28":5,"29":7,"30":1,"31":1,"32":7,"33":7,"34":1},"branchMap":{"0":{"type":"branch","line":2,"loc":{"start":{"line":2,"column":9},"end":{"line":34,"column":3}},"locations":[{"start":{"line":2,"column":9},"end":{"line":34,"column":3}}]},"1":{"type":"branch","line":8,"loc":{"start":{"line":8,"column":41},"end":{"line":30,"column":11}},"locations":[{"start":{"line":8,"column":41},"end":{"line":30,"column":11}}]},"2":{"type":"branch","line":9,"loc":{"start":{"line":9,"column":29},"end":{"line":11,"column":13}},"locations":[{"start":{"line":9,"column":29},"end":{"line":11,"column":13}}]},"3":{"type":"branch","line":11,"loc":{"start":{"line":11,"column":7},"end":{"line":29,"column":7}},"locations":[{"start":{"line":11,"column":7},"end":{"line":29,"column":7}}]},"4":{"type":"branch","line":13,"loc":{"start":{"line":13,"column":10},"end":{"line":15,"column":18}},"locations":[{"start":{"line":13,"column":10},"end":{"line":15,"column":18}}]},"5":{"type":"branch","line":16,"loc":{"start":{"line":16,"column":10},"end":{"line":18,"column":18}},"locations":[{"start":{"line":16,"column":10},"end":{"line":18,"column":18}}]},"6":{"type":"branch","line":19,"loc":{"start":{"line":19,"column":10},"end":{"line":21,"column":18}},"locations":[{"start":{"line":19,"column":10},"end":{"line":21,"column":18}}]},"7":{"type":"branch","line":22,"loc":{"start":{"line":22,"column":10},"end":{"line":24,"column":18}},"locations":[{"start":{"line":22,"column":10},"end":{"line":24,"column":18}}]},"8":{"type":"branch","line":25,"loc":{"start":{"line":25,"column":10},"end":{"line":27,"column":18}},"locations":[{"start":{"line":25,"column":10},"end":{"line":27,"column":18}}]},"9":{"type":"branch","line":30,"loc":{"start":{"line":30,"column":5},"end":{"line":32,"column":5}},"locations":[{"start":{"line":30,"column":5},"end":{"line":32,"column":5}}]}},"b":{"0":[7],"1":[6],"2":[1],"3":[5],"4":[1],"5":[1],"6":[1],"7":[1],"8":[1],"9":[1]},"fnMap":{"0":{"name":"ShippingCosts","decl":{"start":{"line":2,"column":9},"end":{"line":34,"column":3}},"loc":{"start":{"line":2,"column":9},"end":{"line":34,"column":3}},"line":2}},"f":{"0":7}}
}
