TN:
SF:ClassAssignmentAvans.ts
FN:2,ShippingCosts
FNF:1
FNH:1
FNDA:7,ShippingCosts
DA:1,1
DA:2,1
DA:3,7
DA:4,7
DA:5,7
DA:6,7
DA:7,7
DA:8,7
DA:9,6
DA:10,1
DA:11,6
DA:12,5
DA:13,5
DA:14,1
DA:15,1
DA:16,5
DA:17,1
DA:18,1
DA:19,5
DA:20,1
DA:21,1
DA:22,5
DA:23,1
DA:24,1
DA:25,5
DA:26,1
DA:27,1
DA:28,5
DA:29,5
DA:30,7
DA:31,1
DA:32,1
DA:33,7
DA:34,7
DA:35,1
LF:35
LH:35
BRDA:2,0,0,7
BRDA:8,1,0,6
BRDA:9,2,0,1
BRDA:11,3,0,5
BRDA:13,4,0,1
BRDA:16,5,0,1
BRDA:19,6,0,1
BRDA:22,7,0,1
BRDA:25,8,0,1
BRDA:30,9,0,1
BRF:10
BRH:10
end_of_record
