TN:
SF:ClassAssignmentAvans.ts
FN:2,ShippingCosts
FNF:1
FNH:1
FNDA:10,ShippingCosts
DA:1,1
DA:2,1
DA:3,10
DA:4,10
DA:5,10
DA:6,10
DA:7,10
DA:8,7
DA:9,10
DA:10,6
DA:11,1
DA:12,6
DA:13,5
DA:14,5
DA:15,1
DA:16,1
DA:17,5
DA:18,1
DA:19,1
DA:20,5
DA:21,1
DA:22,1
DA:23,5
DA:24,1
DA:25,1
DA:26,5
DA:27,1
DA:28,1
DA:29,5
DA:30,5
DA:31,10
DA:32,1
DA:33,1
DA:34,7
DA:35,7
DA:36,1
LF:36
LH:36
BRDA:2,0,0,10
BRDA:7,1,0,9
BRDA:7,2,0,8
BRDA:7,3,0,3
BRDA:8,4,0,7
BRDA:9,5,0,6
BRDA:10,6,0,1
BRDA:12,7,0,5
BRDA:14,8,0,1
BRDA:17,9,0,1
BRDA:20,10,0,1
BRDA:23,11,0,1
BRDA:26,12,0,1
BRDA:31,13,0,1
BRDA:34,14,0,7
BRF:15
BRH:15
end_of_record
